12:05:12:329 [ALWAYS]	GUDE Logging Started
12:05:12:329 [INFO]	SqliteResumeCache::SqliteResumeCache basedirectory is null/empty
12:05:12:329 [ERROR]	SqliteResumeCache::CreateSqliteResumeCache creating resume cache pointer failure
12:05:12:329 [ERROR]	Initialize resume cache pointer failure
12:05:12:329 [INFO]	gude policy POLICY_USER limit (2,2,1) chunk 2097152, chunking (UL 0 DL 1), resXfer 1, adapt 0, NSURL 0, timeout 86400 
12:05:12:329 [INFO]	Initialized -- gude-lib version: v0.12.1 app: gude
12:05:13:461 [WARN]	Ignoring attempt to reinit logging to \gude at level 4 retaining 3 days of logs
12:05:13:461 [INFO]	SqliteResumeCache::SqliteResumeCache basedirectory is null/empty
12:05:13:461 [ERROR]	SqliteResumeCache::CreateSqliteResumeCache creating resume cache pointer failure
12:05:13:461 [ERROR]	Initialize resume cache pointer failure
12:05:13:461 [INFO]	gude policy POLICY_USER limit (4,4,1) chunk 2097152, chunking (UL 0 DL 1), resXfer 1, adapt 0, NSURL 1, timeout 86400 
12:05:13:461 [INFO]	Initialized -- gude-lib version: v0.12.1 app: gude
16:34:15:741 [ALWAYS]	GUDE Logging Started
16:34:15:742 [INFO]	SqliteResumeCache::SqliteResumeCache basedirectory is null/empty
16:34:15:742 [ERROR]	SqliteResumeCache::CreateSqliteResumeCache creating resume cache pointer failure
16:34:15:742 [ERROR]	Initialize resume cache pointer failure
16:34:15:743 [INFO]	gude policy POLICY_USER limit (2,2,1) chunk 2097152, chunking (UL 0 DL 1), resXfer 1, adapt 0, NSURL 0, timeout 86400 
16:34:15:743 [INFO]	Initialized -- gude-lib version: v0.12.1 app: gude
16:34:17:078 [WARN]	Ignoring attempt to reinit logging to \gude at level 4 retaining 3 days of logs
16:34:17:078 [INFO]	SqliteResumeCache::SqliteResumeCache basedirectory is null/empty
16:34:17:078 [ERROR]	SqliteResumeCache::CreateSqliteResumeCache creating resume cache pointer failure
16:34:17:078 [ERROR]	Initialize resume cache pointer failure
16:34:17:078 [INFO]	gude policy POLICY_USER limit (4,4,1) chunk 2097152, chunking (UL 0 DL 1), resXfer 1, adapt 0, NSURL 1, timeout 86400 
16:34:17:078 [INFO]	Initialized -- gude-lib version: v0.12.1 app: gude
16:34:28:082 [ALWAYS]	GUDE Logging Started
16:34:28:082 [INFO]	SqliteResumeCache::SqliteResumeCache basedirectory is null/empty
16:34:28:082 [ERROR]	SqliteResumeCache::CreateSqliteResumeCache creating resume cache pointer failure
16:34:28:082 [ERROR]	Initialize resume cache pointer failure
16:34:28:082 [INFO]	gude policy POLICY_USER limit (2,2,1) chunk 2097152, chunking (UL 0 DL 1), resXfer 1, adapt 0, NSURL 0, timeout 86400 
16:34:28:082 [INFO]	Initialized -- gude-lib version: v0.12.1 app: gude
16:34:29:412 [WARN]	Ignoring attempt to reinit logging to \gude at level 4 retaining 3 days of logs
16:34:29:412 [INFO]	SqliteResumeCache::SqliteResumeCache basedirectory is null/empty
16:34:29:412 [ERROR]	SqliteResumeCache::CreateSqliteResumeCache creating resume cache pointer failure
16:34:29:412 [ERROR]	Initialize resume cache pointer failure
16:34:29:412 [INFO]	gude policy POLICY_USER limit (4,4,1) chunk 2097152, chunking (UL 0 DL 1), resXfer 1, adapt 0, NSURL 1, timeout 86400 
16:34:29:412 [INFO]	Initialized -- gude-lib version: v0.12.1 app: gude
